13:37:55.353 [ApplicationImpl pooled thread 242] INFO  c.b.l.BrowserStackRunExtension - cucumber java
13:37:55.353 [ApplicationImpl pooled thread 242] INFO  com.browserstack.utils.Helpers - null
13:37:55.354 [ApplicationImpl pooled thread 242] INFO  c.b.l.BrowserStackRunExtension - Agent path: null
13:39:55.690 [ApplicationImpl pooled thread 248] INFO  c.b.l.BrowserStackRunExtension - cucumber java
13:39:55.690 [ApplicationImpl pooled thread 248] INFO  com.browserstack.utils.Helpers - null
13:39:55.691 [ApplicationImpl pooled thread 248] INFO  c.b.l.BrowserStackRunExtension - Agent path: null
13:41:45.726 [ApplicationImpl pooled thread 251] INFO  c.b.l.BrowserStackRunExtension - cucumber java
13:41:45.726 [ApplicationImpl pooled thread 251] INFO  com.browserstack.utils.Helpers - null
13:41:45.729 [ApplicationImpl pooled thread 251] INFO  c.b.l.BrowserStackRunExtension - Agent path: null
13:43:20.204 [ApplicationImpl pooled thread 256] INFO  c.b.l.BrowserStackRunExtension - cucumber java
13:43:20.204 [ApplicationImpl pooled thread 256] INFO  com.browserstack.utils.Helpers - null
13:43:20.206 [ApplicationImpl pooled thread 256] INFO  c.b.l.BrowserStackRunExtension - Agent path: null
13:49:47.059 [ApplicationImpl pooled thread 7] INFO  c.b.l.BrowserStackRunExtension - cucumber java
13:49:47.060 [ApplicationImpl pooled thread 7] INFO  com.browserstack.utils.Helpers - null
13:49:47.061 [ApplicationImpl pooled thread 7] INFO  c.b.l.BrowserStackRunExtension - Agent path: null
13:52:25.154 [ApplicationImpl pooled thread 44] INFO  c.b.l.BrowserStackRunExtension - cucumber java
13:52:25.155 [ApplicationImpl pooled thread 44] INFO  com.browserstack.utils.Helpers - null
13:52:25.156 [ApplicationImpl pooled thread 44] INFO  c.b.l.BrowserStackRunExtension - Agent path: null
13:56:57.739 [ApplicationImpl pooled thread 59] INFO  c.b.l.BrowserStackRunExtension - maven
13:56:57.739 [ApplicationImpl pooled thread 59] INFO  com.browserstack.utils.Helpers - null
13:57:38.562 [ApplicationImpl pooled thread 2] INFO  c.b.l.BrowserStackRunExtension - cucumber java
13:57:38.564 [ApplicationImpl pooled thread 2] INFO  com.browserstack.utils.Helpers - null
13:57:38.565 [ApplicationImpl pooled thread 2] INFO  c.b.l.BrowserStackRunExtension - Agent path: null
14:03:51.139 [ApplicationImpl pooled thread 48] INFO  c.b.l.BrowserStackRunExtension - cucumber java
14:03:51.140 [ApplicationImpl pooled thread 48] INFO  com.browserstack.utils.Helpers - null
14:03:51.149 [ApplicationImpl pooled thread 48] INFO  c.b.l.BrowserStackRunExtension - Agent path: null
15:58:35.020 [ApplicationImpl pooled thread 42] INFO  c.b.l.BrowserStackRunExtension - cucumber java
15:58:35.023 [ApplicationImpl pooled thread 42] INFO  com.browserstack.utils.Helpers - null
15:58:35.025 [ApplicationImpl pooled thread 42] INFO  c.b.l.BrowserStackRunExtension - Agent path: null
16:05:14.369 [ApplicationImpl pooled thread 64] INFO  c.b.l.BrowserStackRunExtension - cucumber java
16:05:14.369 [ApplicationImpl pooled thread 64] INFO  com.browserstack.utils.Helpers - null
16:05:14.370 [ApplicationImpl pooled thread 64] INFO  c.b.l.BrowserStackRunExtension - Agent path: null
16:24:12.220 [ApplicationImpl pooled thread 85] INFO  c.b.l.BrowserStackRunExtension - cucumber java
16:24:12.220 [ApplicationImpl pooled thread 85] INFO  com.browserstack.utils.Helpers - null
16:24:12.221 [ApplicationImpl pooled thread 85] INFO  c.b.l.BrowserStackRunExtension - Agent path: null
16:27:24.578 [ApplicationImpl pooled thread 81] INFO  c.b.l.BrowserStackRunExtension - cucumber java
16:27:24.578 [ApplicationImpl pooled thread 81] INFO  com.browserstack.utils.Helpers - null
16:27:24.579 [ApplicationImpl pooled thread 81] INFO  c.b.l.BrowserStackRunExtension - Agent path: null
16:39:05.070 [AWT-EventQueue-0] INFO  c.b.actions.EnableBrowserStack - Setting enable browserstack run update
16:39:05.076 [AWT-EventQueue-0] INFO  c.b.actions.DisableBrowserStack - Setting disable browserstack run update
16:39:34.458 [ApplicationImpl pooled thread 106] INFO  c.b.l.BrowserStackRunExtension - cucumber java
16:39:34.458 [ApplicationImpl pooled thread 106] INFO  com.browserstack.utils.Helpers - null
16:39:34.460 [ApplicationImpl pooled thread 106] INFO  c.b.l.BrowserStackRunExtension - Agent path: null
16:49:18.522 [ApplicationImpl pooled thread 134] INFO  c.b.l.BrowserStackRunExtension - cucumber java
16:49:18.522 [ApplicationImpl pooled thread 134] INFO  com.browserstack.utils.Helpers - null
16:49:18.524 [ApplicationImpl pooled thread 134] INFO  c.b.l.BrowserStackRunExtension - Agent path: null
17:23:52.954 [ApplicationImpl pooled thread 26] INFO  c.b.l.BrowserStackRunExtension - cucumber java
17:23:52.958 [ApplicationImpl pooled thread 26] INFO  com.browserstack.utils.Helpers - null
17:23:52.959 [ApplicationImpl pooled thread 26] INFO  c.b.l.BrowserStackRunExtension - Agent path: null
17:30:56.635 [ApplicationImpl pooled thread 44] INFO  c.b.l.BrowserStackRunExtension - cucumber java
17:30:56.636 [ApplicationImpl pooled thread 44] INFO  com.browserstack.utils.Helpers - null
17:30:56.637 [ApplicationImpl pooled thread 44] INFO  c.b.l.BrowserStackRunExtension - Agent path: null
17:32:03.254 [ApplicationImpl pooled thread 48] INFO  c.b.l.BrowserStackRunExtension - cucumber java
17:32:03.254 [ApplicationImpl pooled thread 48] INFO  com.browserstack.utils.Helpers - null
17:32:03.255 [ApplicationImpl pooled thread 48] INFO  c.b.l.BrowserStackRunExtension - Agent path: null
21:33:02.129 [ApplicationImpl pooled thread 3] INFO  c.b.l.BrowserStackRunExtension - maven
21:33:02.130 [ApplicationImpl pooled thread 3] INFO  com.browserstack.utils.Helpers - null
21:34:44.887 [AWT-EventQueue-0] INFO  c.b.actions.EnableBrowserStack - Setting enable browserstack run update
21:34:44.895 [AWT-EventQueue-0] INFO  c.b.actions.DisableBrowserStack - Setting disable browserstack run update
21:34:46.207 [AWT-EventQueue-0] INFO  c.b.actions.EnableBrowserStack - Setting enable browserstack run update
21:34:46.214 [AWT-EventQueue-0] INFO  c.b.actions.DisableBrowserStack - Setting disable browserstack run update
21:34:47.756 [AWT-EventQueue-0] INFO  c.b.actions.EnableBrowserStack - Setting enable browserstack run update
21:34:47.762 [AWT-EventQueue-0] INFO  c.b.actions.DisableBrowserStack - Setting disable browserstack run update
21:36:44.387 [ApplicationImpl pooled thread 2] INFO  c.b.l.BrowserStackRunExtension - cucumber java
21:36:44.388 [ApplicationImpl pooled thread 2] INFO  com.browserstack.utils.Helpers - null
21:36:44.389 [ApplicationImpl pooled thread 2] INFO  c.b.l.BrowserStackRunExtension - Agent path: null
21:37:19.696 [ApplicationImpl pooled thread 2] INFO  c.b.l.BrowserStackRunExtension - cucumber java
21:37:19.696 [ApplicationImpl pooled thread 2] INFO  com.browserstack.utils.Helpers - null
21:37:19.697 [ApplicationImpl pooled thread 2] INFO  c.b.l.BrowserStackRunExtension - Agent path: null
21:39:16.091 [ApplicationImpl pooled thread 6] INFO  c.b.l.BrowserStackRunExtension - testng
21:39:16.092 [ApplicationImpl pooled thread 6] INFO  com.browserstack.utils.Helpers - null
21:39:16.092 [ApplicationImpl pooled thread 6] INFO  c.b.l.BrowserStackRunExtension - Agent path: null
21:55:25.625 [ApplicationImpl pooled thread 81] INFO  c.b.l.BrowserStackRunExtension - testng
21:55:25.629 [ApplicationImpl pooled thread 81] INFO  com.browserstack.utils.Helpers - null
21:55:25.629 [ApplicationImpl pooled thread 81] INFO  c.b.l.BrowserStackRunExtension - Agent path: null
22:00:12.510 [ApplicationImpl pooled thread 17] INFO  c.b.l.BrowserStackRunExtension - testng
22:00:12.515 [ApplicationImpl pooled thread 17] INFO  com.browserstack.utils.Helpers - null
22:00:12.516 [ApplicationImpl pooled thread 17] INFO  c.b.l.BrowserStackRunExtension - Agent path: null
22:06:47.589 [ApplicationImpl pooled thread 43] INFO  c.b.l.BrowserStackRunExtension - cucumber java
22:06:47.589 [ApplicationImpl pooled thread 43] INFO  com.browserstack.utils.Helpers - null
22:06:47.590 [ApplicationImpl pooled thread 43] INFO  c.b.l.BrowserStackRunExtension - Agent path: null
22:07:58.192 [ApplicationImpl pooled thread 53] INFO  c.b.l.BrowserStackRunExtension - testng
22:07:58.192 [ApplicationImpl pooled thread 53] INFO  com.browserstack.utils.Helpers - null
22:07:58.192 [ApplicationImpl pooled thread 53] INFO  c.b.l.BrowserStackRunExtension - Agent path: null
22:09:50.107 [ApplicationImpl pooled thread 31] INFO  c.b.l.BrowserStackRunExtension - testng
22:09:50.107 [ApplicationImpl pooled thread 31] INFO  com.browserstack.utils.Helpers - null
22:09:50.108 [ApplicationImpl pooled thread 31] INFO  c.b.l.BrowserStackRunExtension - Agent path: null
22:16:49.322 [ApplicationImpl pooled thread 67] INFO  c.b.l.BrowserStackRunExtension - testng
22:16:49.322 [ApplicationImpl pooled thread 67] INFO  com.browserstack.utils.Helpers - null
22:16:49.324 [ApplicationImpl pooled thread 67] INFO  c.b.l.BrowserStackRunExtension - Agent path: null
22:19:10.421 [ApplicationImpl pooled thread 74] INFO  c.b.l.BrowserStackRunExtension - testng
22:19:10.422 [ApplicationImpl pooled thread 74] INFO  com.browserstack.utils.Helpers - null
22:19:10.424 [ApplicationImpl pooled thread 74] INFO  c.b.l.BrowserStackRunExtension - Agent path: null
22:23:00.929 [ApplicationImpl pooled thread 4] INFO  c.b.l.BrowserStackRunExtension - testng
22:23:00.932 [ApplicationImpl pooled thread 4] INFO  com.browserstack.utils.Helpers - null
22:23:00.934 [ApplicationImpl pooled thread 4] INFO  c.b.l.BrowserStackRunExtension - Agent path: null
22:26:39.709 [ApplicationImpl pooled thread 35] INFO  c.b.l.BrowserStackRunExtension - testng
22:26:39.709 [ApplicationImpl pooled thread 35] INFO  com.browserstack.utils.Helpers - null
22:26:39.712 [ApplicationImpl pooled thread 35] INFO  c.b.l.BrowserStackRunExtension - Agent path: null
22:28:51.707 [ApplicationImpl pooled thread 39] INFO  c.b.l.BrowserStackRunExtension - testng
22:28:51.707 [ApplicationImpl pooled thread 39] INFO  com.browserstack.utils.Helpers - null
22:28:51.708 [ApplicationImpl pooled thread 39] INFO  c.b.l.BrowserStackRunExtension - Agent path: null
22:34:44.624 [ApplicationImpl pooled thread 51] INFO  c.b.l.BrowserStackRunExtension - maven
22:34:44.625 [ApplicationImpl pooled thread 51] INFO  com.browserstack.utils.Helpers - null
22:36:06.115 [ApplicationImpl pooled thread 62] INFO  c.b.l.BrowserStackRunExtension - testng
22:36:06.115 [ApplicationImpl pooled thread 62] INFO  com.browserstack.utils.Helpers - null
22:36:06.116 [ApplicationImpl pooled thread 62] INFO  c.b.l.BrowserStackRunExtension - Agent path: null
22:39:20.264 [ApplicationImpl pooled thread 71] INFO  c.b.l.BrowserStackRunExtension - maven
22:39:20.264 [ApplicationImpl pooled thread 71] INFO  com.browserstack.utils.Helpers - null
22:46:13.918 [ApplicationImpl pooled thread 3] INFO  c.b.l.BrowserStackRunExtension - testng
22:46:13.931 [ApplicationImpl pooled thread 3] INFO  com.browserstack.utils.Helpers - null
22:46:13.936 [ApplicationImpl pooled thread 3] INFO  c.b.l.BrowserStackRunExtension - Agent path: null
22:56:30.282 [ApplicationImpl pooled thread 44] INFO  c.b.l.BrowserStackRunExtension - testng
22:56:30.283 [ApplicationImpl pooled thread 44] INFO  com.browserstack.utils.Helpers - null
22:56:30.286 [ApplicationImpl pooled thread 44] INFO  c.b.l.BrowserStackRunExtension - Agent path: null
23:01:23.557 [ApplicationImpl pooled thread 51] INFO  c.b.l.BrowserStackRunExtension - testng
23:01:23.557 [ApplicationImpl pooled thread 51] INFO  com.browserstack.utils.Helpers - null
23:01:23.559 [ApplicationImpl pooled thread 51] INFO  c.b.l.BrowserStackRunExtension - Agent path: null
23:07:45.673 [ApplicationImpl pooled thread 77] INFO  c.b.l.BrowserStackRunExtension - testng
23:07:45.673 [ApplicationImpl pooled thread 77] INFO  com.browserstack.utils.Helpers - null
23:07:45.674 [ApplicationImpl pooled thread 77] INFO  c.b.l.BrowserStackRunExtension - Agent path: null
23:19:25.078 [ApplicationImpl pooled thread 94] INFO  c.b.l.BrowserStackRunExtension - maven
23:19:25.078 [ApplicationImpl pooled thread 94] INFO  com.browserstack.utils.Helpers - null
23:21:28.008 [ApplicationImpl pooled thread 90] INFO  c.b.l.BrowserStackRunExtension - cucumber java
23:21:28.009 [ApplicationImpl pooled thread 90] INFO  com.browserstack.utils.Helpers - null
23:21:28.010 [ApplicationImpl pooled thread 90] INFO  c.b.l.BrowserStackRunExtension - Agent path: null
23:24:04.249 [ApplicationImpl pooled thread 104] INFO  c.b.l.BrowserStackRunExtension - cucumber java
23:24:04.249 [ApplicationImpl pooled thread 104] INFO  com.browserstack.utils.Helpers - null
23:24:04.250 [ApplicationImpl pooled thread 104] INFO  c.b.l.BrowserStackRunExtension - Agent path: null
23:32:48.909 [ApplicationImpl pooled thread 123] INFO  c.b.l.BrowserStackRunExtension - cucumber java
23:32:48.910 [ApplicationImpl pooled thread 123] INFO  com.browserstack.utils.Helpers - null
23:32:48.911 [ApplicationImpl pooled thread 123] INFO  c.b.l.BrowserStackRunExtension - Agent path: null
23:40:41.778 [ApplicationImpl pooled thread 148] INFO  c.b.l.BrowserStackRunExtension - maven
23:40:41.778 [ApplicationImpl pooled thread 148] INFO  com.browserstack.utils.Helpers - null
23:41:05.317 [ApplicationImpl pooled thread 144] INFO  c.b.l.BrowserStackRunExtension - cucumber java
23:41:05.317 [ApplicationImpl pooled thread 144] INFO  com.browserstack.utils.Helpers - null
23:41:05.318 [ApplicationImpl pooled thread 144] INFO  c.b.l.BrowserStackRunExtension - Agent path: null
23:44:38.612 [ApplicationImpl pooled thread 165] INFO  c.b.l.BrowserStackRunExtension - maven
23:44:38.612 [ApplicationImpl pooled thread 165] INFO  com.browserstack.utils.Helpers - null
23:46:10.209 [ApplicationImpl pooled thread 171] INFO  c.b.l.BrowserStackRunExtension - cucumber java
23:46:10.209 [ApplicationImpl pooled thread 171] INFO  com.browserstack.utils.Helpers - null
23:46:10.210 [ApplicationImpl pooled thread 171] INFO  c.b.l.BrowserStackRunExtension - Agent path: null
23:46:30.095 [ApplicationImpl pooled thread 173] INFO  c.b.l.BrowserStackRunExtension - cucumber java
23:46:30.096 [ApplicationImpl pooled thread 173] INFO  com.browserstack.utils.Helpers - null
23:46:30.098 [ApplicationImpl pooled thread 173] INFO  c.b.l.BrowserStackRunExtension - Agent path: null
00:00:48.780 [ApplicationImpl pooled thread 199] INFO  c.b.l.BrowserStackRunExtension - maven
00:00:48.781 [ApplicationImpl pooled thread 199] INFO  com.browserstack.utils.Helpers - null
00:03:06.034 [ApplicationImpl pooled thread 204] INFO  c.b.l.BrowserStackRunExtension - cucumber java
00:03:06.035 [ApplicationImpl pooled thread 204] INFO  com.browserstack.utils.Helpers - null
00:03:06.036 [ApplicationImpl pooled thread 204] INFO  c.b.l.BrowserStackRunExtension - Agent path: null
00:09:42.182 [ApplicationImpl pooled thread 204] INFO  c.b.l.BrowserStackRunExtension - maven
00:09:42.182 [ApplicationImpl pooled thread 204] INFO  com.browserstack.utils.Helpers - null
00:11:54.365 [ApplicationImpl pooled thread 232] INFO  c.b.l.BrowserStackRunExtension - testng
00:11:54.365 [ApplicationImpl pooled thread 232] INFO  com.browserstack.utils.Helpers - null
00:11:54.366 [ApplicationImpl pooled thread 232] INFO  c.b.l.BrowserStackRunExtension - Agent path: null
10:28:00.829 [ApplicationImpl pooled thread 75] INFO  c.b.l.BrowserStackRunExtension - cucumber java
10:28:00.836 [ApplicationImpl pooled thread 75] INFO  com.browserstack.utils.Helpers - null
10:28:00.837 [ApplicationImpl pooled thread 75] INFO  c.b.l.BrowserStackRunExtension - Agent path: null
10:30:12.512 [ApplicationImpl pooled thread 69] INFO  c.b.l.BrowserStackRunExtension - cucumber java
10:30:12.513 [ApplicationImpl pooled thread 69] INFO  com.browserstack.utils.Helpers - null
10:30:12.514 [ApplicationImpl pooled thread 69] INFO  c.b.l.BrowserStackRunExtension - Agent path: null
10:36:43.850 [ApplicationImpl pooled thread 97] INFO  c.b.l.BrowserStackRunExtension - maven
10:36:43.850 [ApplicationImpl pooled thread 97] INFO  com.browserstack.utils.Helpers - null
10:38:08.869 [ApplicationImpl pooled thread 86] INFO  c.b.l.BrowserStackRunExtension - cucumber java
10:38:08.870 [ApplicationImpl pooled thread 86] INFO  com.browserstack.utils.Helpers - null
10:38:08.871 [ApplicationImpl pooled thread 86] INFO  c.b.l.BrowserStackRunExtension - Agent path: null
10:46:16.916 [ApplicationImpl pooled thread 120] INFO  c.b.l.BrowserStackRunExtension - cucumber java
10:46:16.916 [ApplicationImpl pooled thread 120] INFO  com.browserstack.utils.Helpers - null
10:46:16.918 [ApplicationImpl pooled thread 120] INFO  c.b.l.BrowserStackRunExtension - Agent path: null
10:48:09.396 [ApplicationImpl pooled thread 129] INFO  c.b.l.BrowserStackRunExtension - cucumber java
10:48:09.396 [ApplicationImpl pooled thread 129] INFO  com.browserstack.utils.Helpers - null
10:48:09.397 [ApplicationImpl pooled thread 129] INFO  c.b.l.BrowserStackRunExtension - Agent path: null
10:52:42.168 [ApplicationImpl pooled thread 131] INFO  c.b.l.BrowserStackRunExtension - cucumber java
10:52:42.168 [ApplicationImpl pooled thread 131] INFO  com.browserstack.utils.Helpers - null
10:52:42.170 [ApplicationImpl pooled thread 131] INFO  c.b.l.BrowserStackRunExtension - Agent path: null
12:25:47.929 [AWT-EventQueue-0] INFO  c.b.actions.EnableBrowserStack - Setting enable browserstack run update
12:25:47.949 [AWT-EventQueue-0] INFO  c.b.actions.DisableBrowserStack - Setting disable browserstack run update
12:29:24.508 [ApplicationImpl pooled thread 40] INFO  c.b.l.BrowserStackRunExtension - cucumber java
12:29:24.511 [ApplicationImpl pooled thread 40] INFO  com.browserstack.utils.Helpers - null
12:29:24.512 [ApplicationImpl pooled thread 40] INFO  c.b.l.BrowserStackRunExtension - Agent path: null
12:30:29.605 [ApplicationImpl pooled thread 40] INFO  c.b.l.BrowserStackRunExtension - cucumber java
12:30:29.605 [ApplicationImpl pooled thread 40] INFO  com.browserstack.utils.Helpers - null
12:30:29.609 [ApplicationImpl pooled thread 40] INFO  c.b.l.BrowserStackRunExtension - Agent path: null
12:41:00.284 [ApplicationImpl pooled thread 49] INFO  c.b.l.BrowserStackRunExtension - cucumber java
12:41:00.285 [ApplicationImpl pooled thread 49] INFO  com.browserstack.utils.Helpers - null
12:41:00.286 [ApplicationImpl pooled thread 49] INFO  c.b.l.BrowserStackRunExtension - Agent path: null
12:44:59.586 [ApplicationImpl pooled thread 69] INFO  c.b.l.BrowserStackRunExtension - cucumber java
12:44:59.587 [ApplicationImpl pooled thread 69] INFO  com.browserstack.utils.Helpers - null
12:44:59.589 [ApplicationImpl pooled thread 69] INFO  c.b.l.BrowserStackRunExtension - Agent path: null
12:49:32.919 [ApplicationImpl pooled thread 60] INFO  c.b.l.BrowserStackRunExtension - cucumber java
12:49:32.925 [ApplicationImpl pooled thread 60] INFO  com.browserstack.utils.Helpers - null
12:49:32.927 [ApplicationImpl pooled thread 60] INFO  c.b.l.BrowserStackRunExtension - Agent path: null
12:50:58.186 [ApplicationImpl pooled thread 75] INFO  c.b.l.BrowserStackRunExtension - cucumber java
12:50:58.186 [ApplicationImpl pooled thread 75] INFO  com.browserstack.utils.Helpers - null
12:50:58.187 [ApplicationImpl pooled thread 75] INFO  c.b.l.BrowserStackRunExtension - Agent path: null
12:53:15.664 [ApplicationImpl pooled thread 60] INFO  c.b.l.BrowserStackRunExtension - cucumber java
12:53:15.665 [ApplicationImpl pooled thread 60] INFO  com.browserstack.utils.Helpers - null
12:53:15.666 [ApplicationImpl pooled thread 60] INFO  c.b.l.BrowserStackRunExtension - Agent path: null
12:55:12.592 [ApplicationImpl pooled thread 87] INFO  c.b.l.BrowserStackRunExtension - cucumber java
12:55:12.593 [ApplicationImpl pooled thread 87] INFO  com.browserstack.utils.Helpers - null
12:55:12.595 [ApplicationImpl pooled thread 87] INFO  c.b.l.BrowserStackRunExtension - Agent path: null
12:58:14.592 [ApplicationImpl pooled thread 88] INFO  c.b.l.BrowserStackRunExtension - cucumber java
12:58:14.593 [ApplicationImpl pooled thread 88] INFO  com.browserstack.utils.Helpers - null
12:58:14.595 [ApplicationImpl pooled thread 88] INFO  c.b.l.BrowserStackRunExtension - Agent path: null
12:59:19.825 [ApplicationImpl pooled thread 86] INFO  c.b.l.BrowserStackRunExtension - cucumber java
12:59:19.826 [ApplicationImpl pooled thread 86] INFO  com.browserstack.utils.Helpers - null
12:59:19.827 [ApplicationImpl pooled thread 86] INFO  c.b.l.BrowserStackRunExtension - Agent path: null
13:00:03.528 [ApplicationImpl pooled thread 96] INFO  c.b.l.BrowserStackRunExtension - cucumber java
13:00:03.530 [ApplicationImpl pooled thread 96] INFO  com.browserstack.utils.Helpers - null
13:00:03.531 [ApplicationImpl pooled thread 96] INFO  c.b.l.BrowserStackRunExtension - Agent path: null
13:03:35.491 [ApplicationImpl pooled thread 107] INFO  c.b.l.BrowserStackRunExtension - cucumber java
13:03:35.492 [ApplicationImpl pooled thread 107] INFO  com.browserstack.utils.Helpers - null
13:03:35.496 [ApplicationImpl pooled thread 107] INFO  c.b.l.BrowserStackRunExtension - Agent path: null
13:03:53.820 [ApplicationImpl pooled thread 108] INFO  c.b.l.BrowserStackRunExtension - cucumber java
13:03:53.820 [ApplicationImpl pooled thread 108] INFO  com.browserstack.utils.Helpers - null
13:03:53.821 [ApplicationImpl pooled thread 108] INFO  c.b.l.BrowserStackRunExtension - Agent path: null
13:04:56.651 [ApplicationImpl pooled thread 97] INFO  c.b.l.BrowserStackRunExtension - cucumber java
13:04:56.651 [ApplicationImpl pooled thread 97] INFO  com.browserstack.utils.Helpers - null
13:04:56.656 [ApplicationImpl pooled thread 97] INFO  c.b.l.BrowserStackRunExtension - Agent path: null
13:07:46.634 [ApplicationImpl pooled thread 97] INFO  c.b.l.BrowserStackRunExtension - cucumber java
13:07:46.634 [ApplicationImpl pooled thread 97] INFO  com.browserstack.utils.Helpers - null
13:07:46.639 [ApplicationImpl pooled thread 97] INFO  c.b.l.BrowserStackRunExtension - Agent path: null
13:09:00.213 [ApplicationImpl pooled thread 113] INFO  c.b.l.BrowserStackRunExtension - cucumber java
13:09:00.213 [ApplicationImpl pooled thread 113] INFO  com.browserstack.utils.Helpers - null
13:09:00.214 [ApplicationImpl pooled thread 113] INFO  c.b.l.BrowserStackRunExtension - Agent path: null
13:39:06.718 [AWT-EventQueue-0] INFO  c.b.actions.EnableBrowserStack - Setting enable browserstack run update
13:39:06.729 [AWT-EventQueue-0] INFO  c.b.actions.DisableBrowserStack - Setting disable browserstack run update
13:40:35.681 [AWT-EventQueue-0] INFO  c.b.actions.EnableBrowserStack - Setting enable browserstack run update
13:40:35.688 [AWT-EventQueue-0] INFO  c.b.actions.DisableBrowserStack - Setting disable browserstack run update
13:46:32.362 [ApplicationImpl pooled thread 46] INFO  c.b.l.BrowserStackRunExtension - maven
13:46:32.362 [ApplicationImpl pooled thread 46] INFO  com.browserstack.utils.Helpers - null
13:57:52.396 [ApplicationImpl pooled thread 14] INFO  c.b.l.BrowserStackRunExtension - cucumber java
13:57:52.404 [ApplicationImpl pooled thread 14] INFO  com.browserstack.utils.Helpers - null
13:57:52.407 [ApplicationImpl pooled thread 14] INFO  c.b.l.BrowserStackRunExtension - Agent path: null
14:01:32.926 [ApplicationImpl pooled thread 28] INFO  c.b.l.BrowserStackRunExtension - cucumber java
14:01:32.926 [ApplicationImpl pooled thread 28] INFO  com.browserstack.utils.Helpers - null
14:01:32.929 [ApplicationImpl pooled thread 28] INFO  c.b.l.BrowserStackRunExtension - Agent path: null
14:02:31.988 [ApplicationImpl pooled thread 14] INFO  c.b.l.BrowserStackRunExtension - maven
14:02:31.988 [ApplicationImpl pooled thread 14] INFO  com.browserstack.utils.Helpers - null
14:04:37.420 [ApplicationImpl pooled thread 43] INFO  c.b.l.BrowserStackRunExtension - cucumber java
14:04:37.420 [ApplicationImpl pooled thread 43] INFO  com.browserstack.utils.Helpers - null
14:04:37.422 [ApplicationImpl pooled thread 43] INFO  c.b.l.BrowserStackRunExtension - Agent path: null
14:07:13.612 [ApplicationImpl pooled thread 40] INFO  c.b.l.BrowserStackRunExtension - maven
14:07:13.612 [ApplicationImpl pooled thread 40] INFO  com.browserstack.utils.Helpers - null
14:07:30.523 [ApplicationImpl pooled thread 47] INFO  c.b.l.BrowserStackRunExtension - cucumber java
14:07:30.525 [ApplicationImpl pooled thread 47] INFO  com.browserstack.utils.Helpers - null
14:07:30.526 [ApplicationImpl pooled thread 47] INFO  c.b.l.BrowserStackRunExtension - Agent path: null
14:08:44.759 [ApplicationImpl pooled thread 54] INFO  c.b.l.BrowserStackRunExtension - maven
14:08:44.760 [ApplicationImpl pooled thread 54] INFO  com.browserstack.utils.Helpers - null
14:10:12.215 [ApplicationImpl pooled thread 56] INFO  c.b.l.BrowserStackRunExtension - cucumber java
14:10:12.215 [ApplicationImpl pooled thread 56] INFO  com.browserstack.utils.Helpers - null
14:10:12.220 [ApplicationImpl pooled thread 56] INFO  c.b.l.BrowserStackRunExtension - Agent path: null
14:19:10.620 [ApplicationImpl pooled thread 83] INFO  c.b.l.BrowserStackRunExtension - cucumber java
14:19:10.620 [ApplicationImpl pooled thread 83] INFO  com.browserstack.utils.Helpers - null
14:19:10.621 [ApplicationImpl pooled thread 83] INFO  c.b.l.BrowserStackRunExtension - Agent path: null
14:21:28.458 [ApplicationImpl pooled thread 79] INFO  c.b.l.BrowserStackRunExtension - cucumber java
14:21:28.458 [ApplicationImpl pooled thread 79] INFO  com.browserstack.utils.Helpers - null
14:21:28.459 [ApplicationImpl pooled thread 79] INFO  c.b.l.BrowserStackRunExtension - Agent path: null
10:19:06.428 [ApplicationImpl pooled thread 69] INFO  c.b.l.BrowserStackRunExtension - maven
10:19:06.429 [ApplicationImpl pooled thread 69] INFO  com.browserstack.utils.Helpers - null
10:24:33.933 [ApplicationImpl pooled thread 73] INFO  c.b.l.BrowserStackRunExtension - cucumber java
10:24:33.934 [ApplicationImpl pooled thread 73] INFO  com.browserstack.utils.Helpers - null
10:24:33.937 [ApplicationImpl pooled thread 73] INFO  c.b.l.BrowserStackRunExtension - Agent path: null
10:25:40.887 [ApplicationImpl pooled thread 89] INFO  c.b.l.BrowserStackRunExtension - cucumber java
10:25:40.887 [ApplicationImpl pooled thread 89] INFO  com.browserstack.utils.Helpers - null
10:25:40.890 [ApplicationImpl pooled thread 89] INFO  c.b.l.BrowserStackRunExtension - Agent path: null
10:31:56.302 [ApplicationImpl pooled thread 18] INFO  c.b.l.BrowserStackRunExtension - cucumber java
10:31:56.310 [ApplicationImpl pooled thread 18] INFO  com.browserstack.utils.Helpers - null
10:31:56.312 [ApplicationImpl pooled thread 18] INFO  c.b.l.BrowserStackRunExtension - Agent path: null
10:34:26.462 [ApplicationImpl pooled thread 18] INFO  c.b.l.BrowserStackRunExtension - maven
10:34:26.463 [ApplicationImpl pooled thread 18] INFO  com.browserstack.utils.Helpers - null
10:34:44.834 [ApplicationImpl pooled thread 34] INFO  c.b.l.BrowserStackRunExtension - cucumber java
10:34:44.835 [ApplicationImpl pooled thread 34] INFO  com.browserstack.utils.Helpers - null
10:34:44.836 [ApplicationImpl pooled thread 34] INFO  c.b.l.BrowserStackRunExtension - Agent path: null
10:35:34.283 [ApplicationImpl pooled thread 28] INFO  c.b.l.BrowserStackRunExtension - cucumber java
10:35:34.283 [ApplicationImpl pooled thread 28] INFO  com.browserstack.utils.Helpers - null
10:35:34.284 [ApplicationImpl pooled thread 28] INFO  c.b.l.BrowserStackRunExtension - Agent path: null
10:36:28.571 [ApplicationImpl pooled thread 33] INFO  c.b.l.BrowserStackRunExtension - cucumber java
10:36:28.571 [ApplicationImpl pooled thread 33] INFO  com.browserstack.utils.Helpers - null
10:36:28.572 [ApplicationImpl pooled thread 33] INFO  c.b.l.BrowserStackRunExtension - Agent path: null
10:40:53.016 [ApplicationImpl pooled thread 41] INFO  c.b.l.BrowserStackRunExtension - maven
10:40:53.016 [ApplicationImpl pooled thread 41] INFO  com.browserstack.utils.Helpers - null
10:43:14.146 [ApplicationImpl pooled thread 51] INFO  c.b.l.BrowserStackRunExtension - testng
10:43:14.147 [ApplicationImpl pooled thread 51] INFO  com.browserstack.utils.Helpers - null
10:43:14.149 [ApplicationImpl pooled thread 51] INFO  c.b.l.BrowserStackRunExtension - Agent path: null
10:44:00.718 [ApplicationImpl pooled thread 50] INFO  c.b.l.BrowserStackRunExtension - testng
10:44:00.718 [ApplicationImpl pooled thread 50] INFO  com.browserstack.utils.Helpers - null
10:44:00.720 [ApplicationImpl pooled thread 50] INFO  c.b.l.BrowserStackRunExtension - Agent path: null
10:44:59.645 [ApplicationImpl pooled thread 50] INFO  c.b.l.BrowserStackRunExtension - testng
10:44:59.645 [ApplicationImpl pooled thread 50] INFO  com.browserstack.utils.Helpers - null
10:44:59.646 [ApplicationImpl pooled thread 50] INFO  c.b.l.BrowserStackRunExtension - Agent path: null
10:46:58.147 [ApplicationImpl pooled thread 82] INFO  c.b.l.BrowserStackRunExtension - cucumber java
10:46:58.147 [ApplicationImpl pooled thread 82] INFO  com.browserstack.utils.Helpers - null
10:46:58.148 [ApplicationImpl pooled thread 82] INFO  c.b.l.BrowserStackRunExtension - Agent path: null
10:47:45.985 [ApplicationImpl pooled thread 62] INFO  c.b.l.BrowserStackRunExtension - maven
10:47:45.986 [ApplicationImpl pooled thread 62] INFO  com.browserstack.utils.Helpers - null
10:50:07.032 [ApplicationImpl pooled thread 82] INFO  c.b.l.BrowserStackRunExtension - testng
10:50:07.033 [ApplicationImpl pooled thread 82] INFO  com.browserstack.utils.Helpers - null
10:50:07.035 [ApplicationImpl pooled thread 82] INFO  c.b.l.BrowserStackRunExtension - Agent path: null
11:06:46.032 [ApplicationImpl pooled thread 105] INFO  c.b.l.BrowserStackRunExtension - cucumber java
11:06:46.033 [ApplicationImpl pooled thread 105] INFO  com.browserstack.utils.Helpers - null
11:06:46.035 [ApplicationImpl pooled thread 105] INFO  c.b.l.BrowserStackRunExtension - Agent path: null
11:10:28.386 [ApplicationImpl pooled thread 108] INFO  c.b.l.BrowserStackRunExtension - cucumber java
11:10:28.386 [ApplicationImpl pooled thread 108] INFO  com.browserstack.utils.Helpers - null
11:10:28.387 [ApplicationImpl pooled thread 108] INFO  c.b.l.BrowserStackRunExtension - Agent path: null
11:11:58.422 [ApplicationImpl pooled thread 114] INFO  c.b.l.BrowserStackRunExtension - maven
11:11:58.422 [ApplicationImpl pooled thread 114] INFO  com.browserstack.utils.Helpers - null
11:12:10.747 [ApplicationImpl pooled thread 116] INFO  c.b.l.BrowserStackRunExtension - cucumber java
11:12:10.747 [ApplicationImpl pooled thread 116] INFO  com.browserstack.utils.Helpers - null
11:12:10.748 [ApplicationImpl pooled thread 116] INFO  c.b.l.BrowserStackRunExtension - Agent path: null
11:46:53.248 [ApplicationImpl pooled thread 32] INFO  c.b.l.BrowserStackRunExtension - maven
11:46:53.250 [ApplicationImpl pooled thread 32] INFO  com.browserstack.utils.Helpers - null
11:47:08.442 [AWT-EventQueue-0] INFO  c.b.actions.EnableBrowserStack - Setting enable browserstack run update
11:47:08.453 [AWT-EventQueue-0] INFO  c.b.actions.DisableBrowserStack - Setting disable browserstack run update
11:51:24.726 [ApplicationImpl pooled thread 49] INFO  c.b.l.BrowserStackRunExtension - cucumber java
11:51:24.727 [ApplicationImpl pooled thread 49] INFO  com.browserstack.utils.Helpers - null
11:51:24.730 [ApplicationImpl pooled thread 49] INFO  c.b.l.BrowserStackRunExtension - Agent path: null
11:55:36.112 [ApplicationImpl pooled thread 58] INFO  c.b.l.BrowserStackRunExtension - cucumber java
11:55:36.113 [ApplicationImpl pooled thread 58] INFO  com.browserstack.utils.Helpers - null
11:55:36.114 [ApplicationImpl pooled thread 58] INFO  c.b.l.BrowserStackRunExtension - Agent path: null
13:20:29.151 [AWT-EventQueue-0] INFO  c.b.actions.EnableBrowserStack - Setting enable browserstack run update
13:20:29.160 [AWT-EventQueue-0] INFO  c.b.actions.DisableBrowserStack - Setting disable browserstack run update
13:22:26.401 [ApplicationImpl pooled thread 60] INFO  c.b.l.BrowserStackRunExtension - cucumber java
13:22:26.402 [ApplicationImpl pooled thread 60] INFO  com.browserstack.utils.Helpers - null
13:22:26.403 [ApplicationImpl pooled thread 60] INFO  c.b.l.BrowserStackRunExtension - Agent path: null
13:26:02.527 [ApplicationImpl pooled thread 64] INFO  c.b.l.BrowserStackRunExtension - cucumber java
13:26:02.531 [ApplicationImpl pooled thread 64] INFO  com.browserstack.utils.Helpers - null
13:26:02.532 [ApplicationImpl pooled thread 64] INFO  c.b.l.BrowserStackRunExtension - Agent path: null
13:28:10.339 [ApplicationImpl pooled thread 62] INFO  c.b.l.BrowserStackRunExtension - maven
13:28:10.340 [ApplicationImpl pooled thread 62] INFO  com.browserstack.utils.Helpers - null
13:28:49.082 [ApplicationImpl pooled thread 68] INFO  c.b.l.BrowserStackRunExtension - maven
13:28:49.082 [ApplicationImpl pooled thread 68] INFO  com.browserstack.utils.Helpers - null
13:29:15.818 [ApplicationImpl pooled thread 63] INFO  c.b.l.BrowserStackRunExtension - cucumber java
13:29:15.818 [ApplicationImpl pooled thread 63] INFO  com.browserstack.utils.Helpers - null
13:29:15.820 [ApplicationImpl pooled thread 63] INFO  c.b.l.BrowserStackRunExtension - Agent path: null
13:47:25.694 [ApplicationImpl pooled thread 96] INFO  c.b.l.BrowserStackRunExtension - maven
13:47:25.694 [ApplicationImpl pooled thread 96] INFO  com.browserstack.utils.Helpers - null
13:51:31.992 [ApplicationImpl pooled thread 106] INFO  c.b.l.BrowserStackRunExtension - cucumber java
13:51:31.993 [ApplicationImpl pooled thread 106] INFO  com.browserstack.utils.Helpers - null
13:51:31.994 [ApplicationImpl pooled thread 106] INFO  c.b.l.BrowserStackRunExtension - Agent path: null
14:28:43.829 [ApplicationImpl pooled thread 63] INFO  c.b.l.BrowserStackRunExtension - maven
14:28:43.831 [ApplicationImpl pooled thread 63] INFO  com.browserstack.utils.Helpers - null
14:29:10.620 [ApplicationImpl pooled thread 73] INFO  c.b.l.BrowserStackRunExtension - cucumber java
14:29:10.620 [ApplicationImpl pooled thread 73] INFO  com.browserstack.utils.Helpers - null
14:29:10.623 [ApplicationImpl pooled thread 73] INFO  c.b.l.BrowserStackRunExtension - Agent path: null
14:35:06.014 [ApplicationImpl pooled thread 93] INFO  c.b.l.BrowserStackRunExtension - maven
14:35:06.015 [ApplicationImpl pooled thread 93] INFO  com.browserstack.utils.Helpers - null
14:35:40.085 [ApplicationImpl pooled thread 92] INFO  c.b.l.BrowserStackRunExtension - cucumber java
14:35:40.086 [ApplicationImpl pooled thread 92] INFO  com.browserstack.utils.Helpers - null
14:35:40.087 [ApplicationImpl pooled thread 92] INFO  c.b.l.BrowserStackRunExtension - Agent path: null
14:37:58.859 [ApplicationImpl pooled thread 91] INFO  c.b.l.BrowserStackRunExtension - cucumber java
14:37:58.861 [ApplicationImpl pooled thread 91] INFO  com.browserstack.utils.Helpers - null
14:37:58.862 [ApplicationImpl pooled thread 91] INFO  c.b.l.BrowserStackRunExtension - Agent path: null
14:42:09.419 [ApplicationImpl pooled thread 122] INFO  c.b.l.BrowserStackRunExtension - cucumber java
14:42:09.420 [ApplicationImpl pooled thread 122] INFO  com.browserstack.utils.Helpers - null
14:42:09.422 [ApplicationImpl pooled thread 122] INFO  c.b.l.BrowserStackRunExtension - Agent path: null
14:54:21.253 [ApplicationImpl pooled thread 143] INFO  c.b.l.BrowserStackRunExtension - maven
14:54:21.254 [ApplicationImpl pooled thread 143] INFO  com.browserstack.utils.Helpers - null
15:24:08.216 [ApplicationImpl pooled thread 38] INFO  c.b.l.BrowserStackRunExtension - maven
15:24:08.220 [ApplicationImpl pooled thread 38] INFO  com.browserstack.utils.Helpers - null
15:29:03.796 [ApplicationImpl pooled thread 5] INFO  c.b.l.BrowserStackRunExtension - cucumber java
15:29:03.797 [ApplicationImpl pooled thread 5] INFO  com.browserstack.utils.Helpers - null
15:29:03.801 [ApplicationImpl pooled thread 5] INFO  c.b.l.BrowserStackRunExtension - Agent path: null
15:37:24.230 [ApplicationImpl pooled thread 69] INFO  c.b.l.BrowserStackRunExtension - cucumber java
15:37:24.231 [ApplicationImpl pooled thread 69] INFO  com.browserstack.utils.Helpers - null
15:37:24.232 [ApplicationImpl pooled thread 69] INFO  c.b.l.BrowserStackRunExtension - Agent path: null
15:39:25.081 [ApplicationImpl pooled thread 65] INFO  c.b.l.BrowserStackRunExtension - cucumber java
15:39:25.082 [ApplicationImpl pooled thread 65] INFO  com.browserstack.utils.Helpers - null
15:39:25.084 [ApplicationImpl pooled thread 65] INFO  c.b.l.BrowserStackRunExtension - Agent path: null
15:55:06.387 [ApplicationImpl pooled thread 107] INFO  c.b.l.BrowserStackRunExtension - cucumber java
15:55:06.387 [ApplicationImpl pooled thread 107] INFO  com.browserstack.utils.Helpers - null
15:55:06.388 [ApplicationImpl pooled thread 107] INFO  c.b.l.BrowserStackRunExtension - Agent path: null
15:57:00.586 [ApplicationImpl pooled thread 119] INFO  c.b.l.BrowserStackRunExtension - maven
15:57:00.586 [ApplicationImpl pooled thread 119] INFO  com.browserstack.utils.Helpers - null
15:59:31.916 [ApplicationImpl pooled thread 141] INFO  c.b.l.BrowserStackRunExtension - cucumber java
15:59:31.916 [ApplicationImpl pooled thread 141] INFO  com.browserstack.utils.Helpers - null
15:59:31.918 [ApplicationImpl pooled thread 141] INFO  c.b.l.BrowserStackRunExtension - Agent path: null
16:01:24.622 [ApplicationImpl pooled thread 119] INFO  c.b.l.BrowserStackRunExtension - maven
16:01:24.622 [ApplicationImpl pooled thread 119] INFO  com.browserstack.utils.Helpers - null
16:03:18.596 [ApplicationImpl pooled thread 171] INFO  c.b.l.BrowserStackRunExtension - cucumber java
16:03:18.596 [ApplicationImpl pooled thread 171] INFO  com.browserstack.utils.Helpers - null
16:03:18.597 [ApplicationImpl pooled thread 171] INFO  c.b.l.BrowserStackRunExtension - Agent path: null
16:07:21.746 [ApplicationImpl pooled thread 172] INFO  c.b.l.BrowserStackRunExtension - cucumber java
16:07:21.748 [ApplicationImpl pooled thread 172] INFO  com.browserstack.utils.Helpers - null
16:07:21.749 [ApplicationImpl pooled thread 172] INFO  c.b.l.BrowserStackRunExtension - Agent path: null
10:28:01.359 [ApplicationImpl pooled thread 25] INFO  c.b.l.BrowserStackRunExtension - cucumber java
10:28:01.365 [ApplicationImpl pooled thread 25] INFO  com.browserstack.utils.Helpers - null
10:28:01.366 [ApplicationImpl pooled thread 25] INFO  c.b.l.BrowserStackRunExtension - Agent path: null
10:30:43.433 [ApplicationImpl pooled thread 33] INFO  c.b.l.BrowserStackRunExtension - maven
10:30:43.434 [ApplicationImpl pooled thread 33] INFO  com.browserstack.utils.Helpers - null
10:31:21.488 [ApplicationImpl pooled thread 39] INFO  c.b.l.BrowserStackRunExtension - cucumber java
10:31:21.489 [ApplicationImpl pooled thread 39] INFO  com.browserstack.utils.Helpers - null
10:31:21.490 [ApplicationImpl pooled thread 39] INFO  c.b.l.BrowserStackRunExtension - Agent path: null
11:05:40.982 [ApplicationImpl pooled thread 84] INFO  c.b.l.BrowserStackRunExtension - cucumber java
11:05:40.982 [ApplicationImpl pooled thread 84] INFO  com.browserstack.utils.Helpers - null
11:05:40.983 [ApplicationImpl pooled thread 84] INFO  c.b.l.BrowserStackRunExtension - Agent path: null
11:07:40.771 [ApplicationImpl pooled thread 86] INFO  c.b.l.BrowserStackRunExtension - maven
11:07:40.771 [ApplicationImpl pooled thread 86] INFO  com.browserstack.utils.Helpers - null
11:07:57.156 [ApplicationImpl pooled thread 106] INFO  c.b.l.BrowserStackRunExtension - cucumber java
11:07:57.156 [ApplicationImpl pooled thread 106] INFO  com.browserstack.utils.Helpers - null
11:07:57.158 [ApplicationImpl pooled thread 106] INFO  c.b.l.BrowserStackRunExtension - Agent path: null
11:14:50.485 [ApplicationImpl pooled thread 112] INFO  c.b.l.BrowserStackRunExtension - maven
11:14:50.486 [ApplicationImpl pooled thread 112] INFO  com.browserstack.utils.Helpers - null
11:16:35.412 [ApplicationImpl pooled thread 138] INFO  c.b.l.BrowserStackRunExtension - cucumber java
11:16:35.414 [ApplicationImpl pooled thread 138] INFO  com.browserstack.utils.Helpers - null
11:16:35.415 [ApplicationImpl pooled thread 138] INFO  c.b.l.BrowserStackRunExtension - Agent path: null
11:42:05.780 [ApplicationImpl pooled thread 27] INFO  c.b.l.BrowserStackRunExtension - cucumber java
11:42:05.784 [ApplicationImpl pooled thread 27] INFO  com.browserstack.utils.Helpers - null
11:42:05.787 [ApplicationImpl pooled thread 27] INFO  c.b.l.BrowserStackRunExtension - Agent path: null
11:45:51.102 [ApplicationImpl pooled thread 37] INFO  c.b.l.BrowserStackRunExtension - cucumber java
11:45:51.103 [ApplicationImpl pooled thread 37] INFO  com.browserstack.utils.Helpers - null
11:45:51.106 [ApplicationImpl pooled thread 37] INFO  c.b.l.BrowserStackRunExtension - Agent path: null
11:47:40.357 [ApplicationImpl pooled thread 41] INFO  c.b.l.BrowserStackRunExtension - maven
11:47:40.357 [ApplicationImpl pooled thread 41] INFO  com.browserstack.utils.Helpers - null
11:47:54.740 [ApplicationImpl pooled thread 49] INFO  c.b.l.BrowserStackRunExtension - cucumber java
11:47:54.741 [ApplicationImpl pooled thread 49] INFO  com.browserstack.utils.Helpers - null
11:47:54.742 [ApplicationImpl pooled thread 49] INFO  c.b.l.BrowserStackRunExtension - Agent path: null
11:51:53.160 [ApplicationImpl pooled thread 62] INFO  c.b.l.BrowserStackRunExtension - cucumber java
11:51:53.161 [ApplicationImpl pooled thread 62] INFO  com.browserstack.utils.Helpers - null
11:51:53.162 [ApplicationImpl pooled thread 62] INFO  c.b.l.BrowserStackRunExtension - Agent path: null
11:52:59.276 [ApplicationImpl pooled thread 67] INFO  c.b.l.BrowserStackRunExtension - cucumber java
11:52:59.276 [ApplicationImpl pooled thread 67] INFO  com.browserstack.utils.Helpers - null
11:52:59.277 [ApplicationImpl pooled thread 67] INFO  c.b.l.BrowserStackRunExtension - Agent path: null
11:56:18.301 [ApplicationImpl pooled thread 77] INFO  c.b.l.BrowserStackRunExtension - maven
11:56:18.301 [ApplicationImpl pooled thread 77] INFO  com.browserstack.utils.Helpers - null
11:56:31.753 [ApplicationImpl pooled thread 83] INFO  c.b.l.BrowserStackRunExtension - cucumber java
11:56:31.754 [ApplicationImpl pooled thread 83] INFO  com.browserstack.utils.Helpers - null
11:56:31.755 [ApplicationImpl pooled thread 83] INFO  c.b.l.BrowserStackRunExtension - Agent path: null
11:58:16.499 [ApplicationImpl pooled thread 58] INFO  c.b.l.BrowserStackRunExtension - cucumber java
11:58:16.499 [ApplicationImpl pooled thread 58] INFO  com.browserstack.utils.Helpers - null
11:58:16.500 [ApplicationImpl pooled thread 58] INFO  c.b.l.BrowserStackRunExtension - Agent path: null
12:01:50.088 [ApplicationImpl pooled thread 66] INFO  c.b.l.BrowserStackRunExtension - maven
12:01:50.088 [ApplicationImpl pooled thread 66] INFO  com.browserstack.utils.Helpers - null
12:02:03.437 [ApplicationImpl pooled thread 58] INFO  c.b.l.BrowserStackRunExtension - cucumber java
12:02:03.438 [ApplicationImpl pooled thread 58] INFO  com.browserstack.utils.Helpers - null
12:02:03.439 [ApplicationImpl pooled thread 58] INFO  c.b.l.BrowserStackRunExtension - Agent path: null
12:03:43.450 [ApplicationImpl pooled thread 87] INFO  c.b.l.BrowserStackRunExtension - cucumber java
12:03:43.450 [ApplicationImpl pooled thread 87] INFO  com.browserstack.utils.Helpers - null
12:03:43.451 [ApplicationImpl pooled thread 87] INFO  c.b.l.BrowserStackRunExtension - Agent path: null
07:43:36.354 [ApplicationImpl pooled thread 16] INFO  c.b.l.BrowserStackRunExtension - cucumber java
07:43:36.360 [ApplicationImpl pooled thread 16] INFO  com.browserstack.utils.Helpers - null
07:43:36.362 [ApplicationImpl pooled thread 16] INFO  c.b.l.BrowserStackRunExtension - Agent path: null
07:47:48.322 [ApplicationImpl pooled thread 43] INFO  c.b.l.BrowserStackRunExtension - maven
07:47:48.323 [ApplicationImpl pooled thread 43] INFO  com.browserstack.utils.Helpers - null
07:48:12.196 [ApplicationImpl pooled thread 36] INFO  c.b.l.BrowserStackRunExtension - cucumber java
07:48:12.196 [ApplicationImpl pooled thread 36] INFO  com.browserstack.utils.Helpers - null
07:48:12.198 [ApplicationImpl pooled thread 36] INFO  c.b.l.BrowserStackRunExtension - Agent path: null
07:55:36.714 [ApplicationImpl pooled thread 36] INFO  c.b.l.BrowserStackRunExtension - cucumber java
07:55:36.714 [ApplicationImpl pooled thread 36] INFO  com.browserstack.utils.Helpers - null
07:55:36.717 [ApplicationImpl pooled thread 36] INFO  c.b.l.BrowserStackRunExtension - Agent path: null
10:22:11.435 [ApplicationImpl pooled thread 18] INFO  c.b.l.BrowserStackRunExtension - cucumber java
10:22:11.441 [ApplicationImpl pooled thread 18] INFO  com.browserstack.utils.Helpers - null
10:22:11.442 [ApplicationImpl pooled thread 18] INFO  c.b.l.BrowserStackRunExtension - Agent path: null
10:27:58.439 [ApplicationImpl pooled thread 40] INFO  c.b.l.BrowserStackRunExtension - cucumber java
10:27:58.439 [ApplicationImpl pooled thread 40] INFO  com.browserstack.utils.Helpers - null
10:27:58.440 [ApplicationImpl pooled thread 40] INFO  c.b.l.BrowserStackRunExtension - Agent path: null
10:31:31.053 [ApplicationImpl pooled thread 49] INFO  c.b.l.BrowserStackRunExtension - cucumber java
10:31:31.055 [ApplicationImpl pooled thread 49] INFO  com.browserstack.utils.Helpers - null
10:31:31.056 [ApplicationImpl pooled thread 49] INFO  c.b.l.BrowserStackRunExtension - Agent path: null
10:33:09.856 [ApplicationImpl pooled thread 49] INFO  c.b.l.BrowserStackRunExtension - maven
10:33:09.856 [ApplicationImpl pooled thread 49] INFO  com.browserstack.utils.Helpers - null
10:34:58.199 [ApplicationImpl pooled thread 64] INFO  c.b.l.BrowserStackRunExtension - cucumber java
10:34:58.200 [ApplicationImpl pooled thread 64] INFO  com.browserstack.utils.Helpers - null
10:34:58.201 [ApplicationImpl pooled thread 64] INFO  c.b.l.BrowserStackRunExtension - Agent path: null
10:37:58.241 [ApplicationImpl pooled thread 64] INFO  c.b.l.BrowserStackRunExtension - maven
10:37:58.242 [ApplicationImpl pooled thread 64] INFO  com.browserstack.utils.Helpers - null
10:38:14.978 [ApplicationImpl pooled thread 64] INFO  c.b.l.BrowserStackRunExtension - cucumber java
10:38:14.978 [ApplicationImpl pooled thread 64] INFO  com.browserstack.utils.Helpers - null
10:38:14.979 [ApplicationImpl pooled thread 64] INFO  c.b.l.BrowserStackRunExtension - Agent path: null
10:39:00.964 [ApplicationImpl pooled thread 77] INFO  c.b.l.BrowserStackRunExtension - maven
10:39:00.965 [ApplicationImpl pooled thread 77] INFO  com.browserstack.utils.Helpers - null
10:39:15.018 [ApplicationImpl pooled thread 81] INFO  c.b.l.BrowserStackRunExtension - cucumber java
10:39:15.018 [ApplicationImpl pooled thread 81] INFO  com.browserstack.utils.Helpers - null
10:39:15.019 [ApplicationImpl pooled thread 81] INFO  c.b.l.BrowserStackRunExtension - Agent path: null
11:10:28.317 [ApplicationImpl pooled thread 96] INFO  c.b.l.BrowserStackRunExtension - maven
11:10:28.317 [ApplicationImpl pooled thread 96] INFO  com.browserstack.utils.Helpers - null
10:27:43.456 [ApplicationImpl pooled thread 12] INFO  c.b.l.BrowserStackRunExtension - cucumber java
10:27:43.461 [ApplicationImpl pooled thread 12] INFO  com.browserstack.utils.Helpers - null
10:27:43.462 [ApplicationImpl pooled thread 12] INFO  c.b.l.BrowserStackRunExtension - Agent path: null
10:30:28.438 [ApplicationImpl pooled thread 38] INFO  c.b.l.BrowserStackRunExtension - maven
10:30:28.438 [ApplicationImpl pooled thread 38] INFO  com.browserstack.utils.Helpers - null
10:30:43.492 [ApplicationImpl pooled thread 47] INFO  c.b.l.BrowserStackRunExtension - cucumber java
10:30:43.492 [ApplicationImpl pooled thread 47] INFO  com.browserstack.utils.Helpers - null
10:30:43.495 [ApplicationImpl pooled thread 47] INFO  c.b.l.BrowserStackRunExtension - Agent path: null
10:33:11.395 [ApplicationImpl pooled thread 46] INFO  c.b.l.BrowserStackRunExtension - cucumber java
10:33:11.395 [ApplicationImpl pooled thread 46] INFO  com.browserstack.utils.Helpers - null
10:33:11.396 [ApplicationImpl pooled thread 46] INFO  c.b.l.BrowserStackRunExtension - Agent path: null
10:36:02.716 [ApplicationImpl pooled thread 50] INFO  c.b.l.BrowserStackRunExtension - maven
10:36:02.717 [ApplicationImpl pooled thread 50] INFO  com.browserstack.utils.Helpers - null
10:37:45.381 [ApplicationImpl pooled thread 54] INFO  c.b.l.BrowserStackRunExtension - cucumber java
10:37:45.381 [ApplicationImpl pooled thread 54] INFO  com.browserstack.utils.Helpers - null
10:37:45.382 [ApplicationImpl pooled thread 54] INFO  c.b.l.BrowserStackRunExtension - Agent path: null
10:40:31.481 [ApplicationImpl pooled thread 53] INFO  c.b.l.BrowserStackRunExtension - maven
10:40:31.481 [ApplicationImpl pooled thread 53] INFO  com.browserstack.utils.Helpers - null
10:41:50.521 [ApplicationImpl pooled thread 53] INFO  c.b.l.BrowserStackRunExtension - cucumber java
10:41:50.521 [ApplicationImpl pooled thread 53] INFO  com.browserstack.utils.Helpers - null
10:41:50.524 [ApplicationImpl pooled thread 53] INFO  c.b.l.BrowserStackRunExtension - Agent path: null
10:43:37.149 [ApplicationImpl pooled thread 73] INFO  c.b.l.BrowserStackRunExtension - maven
10:43:37.149 [ApplicationImpl pooled thread 73] INFO  com.browserstack.utils.Helpers - null
10:44:54.913 [ApplicationImpl pooled thread 80] INFO  c.b.l.BrowserStackRunExtension - cucumber java
10:44:54.913 [ApplicationImpl pooled thread 80] INFO  com.browserstack.utils.Helpers - null
10:44:54.914 [ApplicationImpl pooled thread 80] INFO  c.b.l.BrowserStackRunExtension - Agent path: null
10:48:34.625 [ApplicationImpl pooled thread 101] INFO  c.b.l.BrowserStackRunExtension - maven
10:48:34.625 [ApplicationImpl pooled thread 101] INFO  com.browserstack.utils.Helpers - null
10:50:13.735 [ApplicationImpl pooled thread 111] INFO  c.b.l.BrowserStackRunExtension - cucumber java
10:50:13.736 [ApplicationImpl pooled thread 111] INFO  com.browserstack.utils.Helpers - null
10:50:13.737 [ApplicationImpl pooled thread 111] INFO  c.b.l.BrowserStackRunExtension - Agent path: null
10:52:37.593 [ApplicationImpl pooled thread 102] INFO  c.b.l.BrowserStackRunExtension - maven
10:52:37.593 [ApplicationImpl pooled thread 102] INFO  com.browserstack.utils.Helpers - null
10:52:49.069 [ApplicationImpl pooled thread 119] INFO  c.b.l.BrowserStackRunExtension - cucumber java
10:52:49.069 [ApplicationImpl pooled thread 119] INFO  com.browserstack.utils.Helpers - null
10:52:49.070 [ApplicationImpl pooled thread 119] INFO  c.b.l.BrowserStackRunExtension - Agent path: null
10:57:17.609 [ApplicationImpl pooled thread 133] INFO  c.b.l.BrowserStackRunExtension - cucumber java
10:57:17.609 [ApplicationImpl pooled thread 133] INFO  com.browserstack.utils.Helpers - null
10:57:17.611 [ApplicationImpl pooled thread 133] INFO  c.b.l.BrowserStackRunExtension - Agent path: null
10:59:48.850 [ApplicationImpl pooled thread 138] INFO  c.b.l.BrowserStackRunExtension - maven
10:59:48.850 [ApplicationImpl pooled thread 138] INFO  com.browserstack.utils.Helpers - null
11:00:01.620 [ApplicationImpl pooled thread 144] INFO  c.b.l.BrowserStackRunExtension - cucumber java
11:00:01.620 [ApplicationImpl pooled thread 144] INFO  com.browserstack.utils.Helpers - null
11:00:01.621 [ApplicationImpl pooled thread 144] INFO  c.b.l.BrowserStackRunExtension - Agent path: null
